<?xml version="1.0" encoding="UTF-8"?>
<testng-results skipped="0" failed="1" ignored="0" total="4" passed="3">
  <reporter-output>
  </reporter-output>
  <suite name="Suite" duration-ms="28409" started-at="2022-02-14T23:49:01 IST" finished-at="2022-02-14T23:49:29 IST">
    <groups>
    </groups>
    <test name="Validating title in the page2" duration-ms="13084" started-at="2022-02-14T23:49:01 IST" finished-at="2022-02-14T23:49:14 IST">
      <class name="Academy.E2EProject1.HomepageTest">
        <test-method status="PASS" signature="intializedriver()[pri:0, instance:Academy.E2EProject1.HomepageTest@cc43f62]" name="intializedriver" is-config="true" duration-ms="3625" started-at="2022-02-14T23:49:01 IST" finished-at="2022-02-14T23:49:04 IST">
          <reporter-output>
          </reporter-output>
        </test-method> <!-- intializedriver -->
        <test-method status="PASS" signature="Credentials(java.lang.String,java.lang.String)[pri:0, instance:Academy.E2EProject1.HomepageTest@cc43f62]" name="Credentials" duration-ms="5316" started-at="2022-02-14T23:49:05 IST" data-provider="getData" finished-at="2022-02-14T23:49:10 IST">
          <params>
            <param index="0">
              <value>
                <![CDATA[nonrestricteduser@qw.com]]>
              </value>
            </param>
            <param index="1">
              <value>
                <![CDATA[123456]]>
              </value>
            </param>
          </params>
          <reporter-output>
          </reporter-output>
        </test-method> <!-- Credentials -->
        <test-method status="PASS" signature="Credentials(java.lang.String,java.lang.String)[pri:0, instance:Academy.E2EProject1.HomepageTest@cc43f62]" name="Credentials" duration-ms="2683" started-at="2022-02-14T23:49:11 IST" data-provider="getData" finished-at="2022-02-14T23:49:13 IST">
          <params>
            <param index="0">
              <value>
                <![CDATA[restricteduser@qw.com]]>
              </value>
            </param>
            <param index="1">
              <value>
                <![CDATA[456788]]>
              </value>
            </param>
          </params>
          <reporter-output>
          </reporter-output>
        </test-method> <!-- Credentials -->
        <test-method status="PASS" signature="closebrowser()[pri:0, instance:Academy.E2EProject1.HomepageTest@cc43f62]" name="closebrowser" is-config="true" duration-ms="223" started-at="2022-02-14T23:49:14 IST" finished-at="2022-02-14T23:49:14 IST">
          <reporter-output>
          </reporter-output>
        </test-method> <!-- closebrowser -->
      </class> <!-- Academy.E2EProject1.HomepageTest -->
    </test> <!-- Validating title in the page2 -->
    <test name="Validating User Login" duration-ms="6377" started-at="2022-02-14T23:49:14 IST" finished-at="2022-02-14T23:49:21 IST">
      <class name="Academy.E2EProject1.ValidateTitle">
        <test-method status="PASS" signature="intializedriver()[pri:0, instance:Academy.E2EProject1.ValidateTitle@2b30a42c]" name="intializedriver" is-config="true" duration-ms="1563" started-at="2022-02-14T23:49:14 IST" finished-at="2022-02-14T23:49:16 IST">
          <reporter-output>
          </reporter-output>
        </test-method> <!-- intializedriver -->
        <test-method status="FAIL" signature="Validationtitle()[pri:0, instance:Academy.E2EProject1.ValidateTitle@2b30a42c]" name="Validationtitle" duration-ms="3448" started-at="2022-02-14T23:49:16 IST" finished-at="2022-02-14T23:49:20 IST">
          <exception class="java.lang.AssertionError">
            <message>
              <![CDATA[expected:<FEATURED COURSES> but was:<FEATURED 1COURSES>]]>
            </message>
            <full-stacktrace>
              <![CDATA[java.lang.AssertionError: expected:<FEATURED COURSES> but was:<FEATURED 1COURSES>
at org.testng.AssertJUnit.assertEquals(AssertJUnit.java:115)
at org.testng.AssertJUnit.assertEquals(AssertJUnit.java:125)
at Academy.E2EProject1.ValidateTitle.Validationtitle(ValidateTitle.java:47)
at sun.reflect.NativeMethodAccessorImpl.invoke0(Native Method)
at sun.reflect.NativeMethodAccessorImpl.invoke(NativeMethodAccessorImpl.java:62)
at sun.reflect.DelegatingMethodAccessorImpl.invoke(DelegatingMethodAccessorImpl.java:43)
at java.lang.reflect.Method.invoke(Method.java:498)
at org.testng.internal.MethodInvocationHelper.invokeMethod(MethodInvocationHelper.java:133)
at org.testng.internal.TestInvoker.invokeMethod(TestInvoker.java:598)
at org.testng.internal.TestInvoker.invokeTestMethod(TestInvoker.java:173)
at org.testng.internal.MethodRunner.runInSequence(MethodRunner.java:46)
at org.testng.internal.TestInvoker$MethodInvocationAgent.invoke(TestInvoker.java:824)
at org.testng.internal.TestInvoker.invokeTestMethods(TestInvoker.java:146)
at org.testng.internal.TestMethodWorker.invokeTestMethods(TestMethodWorker.java:146)
at org.testng.internal.TestMethodWorker.run(TestMethodWorker.java:128)
at java.util.ArrayList.forEach(ArrayList.java:1257)
at org.testng.TestRunner.privateRun(TestRunner.java:794)
at org.testng.TestRunner.run(TestRunner.java:596)
at org.testng.SuiteRunner.runTest(SuiteRunner.java:377)
at org.testng.SuiteRunner.runSequentially(SuiteRunner.java:371)
at org.testng.SuiteRunner.privateRun(SuiteRunner.java:332)
at org.testng.SuiteRunner.run(SuiteRunner.java:276)
at org.testng.SuiteRunnerWorker.runSuite(SuiteRunnerWorker.java:53)
at org.testng.SuiteRunnerWorker.run(SuiteRunnerWorker.java:96)
at org.testng.TestNG.runSuitesSequentially(TestNG.java:1212)
at org.testng.TestNG.runSuitesLocally(TestNG.java:1134)
at org.testng.TestNG.runSuites(TestNG.java:1063)
at org.testng.TestNG.run(TestNG.java:1031)
at org.testng.remote.AbstractRemoteTestNG.run(AbstractRemoteTestNG.java:115)
at org.testng.remote.RemoteTestNG.initAndRun(RemoteTestNG.java:251)
at org.testng.remote.RemoteTestNG.main(RemoteTestNG.java:77)
]]>
            </full-stacktrace>
          </exception> <!-- java.lang.AssertionError -->
          <reporter-output>
          </reporter-output>
        </test-method> <!-- Validationtitle -->
        <test-method status="PASS" signature="close()[pri:0, instance:Academy.E2EProject1.ValidateTitle@2b30a42c]" name="close" is-config="true" duration-ms="200" started-at="2022-02-14T23:49:21 IST" finished-at="2022-02-14T23:49:21 IST">
          <reporter-output>
          </reporter-output>
        </test-method> <!-- close -->
      </class> <!-- Academy.E2EProject1.ValidateTitle -->
    </test> <!-- Validating User Login -->
    <test name="Validating title in the page" duration-ms="8285" started-at="2022-02-14T23:49:21 IST" finished-at="2022-02-14T23:49:29 IST">
      <class name="Academy.E2EProject1.ValidationBar">
        <test-method status="PASS" signature="intializedriver()[pri:0, instance:Academy.E2EProject1.ValidationBar@23e84203]" name="intializedriver" is-config="true" duration-ms="1719" started-at="2022-02-14T23:49:21 IST" finished-at="2022-02-14T23:49:23 IST">
          <reporter-output>
          </reporter-output>
        </test-method> <!-- intializedriver -->
        <test-method status="PASS" signature="Navigation()[pri:0, instance:Academy.E2EProject1.ValidationBar@23e84203]" name="Navigation" duration-ms="5398" started-at="2022-02-14T23:49:23 IST" finished-at="2022-02-14T23:49:28 IST">
          <reporter-output>
          </reporter-output>
        </test-method> <!-- Navigation -->
        <test-method status="PASS" signature="close()[pri:0, instance:Academy.E2EProject1.ValidationBar@23e84203]" name="close" is-config="true" duration-ms="170" started-at="2022-02-14T23:49:29 IST" finished-at="2022-02-14T23:49:29 IST">
          <reporter-output>
          </reporter-output>
        </test-method> <!-- close -->
      </class> <!-- Academy.E2EProject1.ValidationBar -->
    </test> <!-- Validating title in the page -->
  </suite> <!-- Suite -->
</testng-results>
